<?xml version="1.0" encoding="UTF-8"?>
<testng-results skipped="0" failed="1" total="9" passed="8">
  <reporter-output>
  </reporter-output>
  <suite name="Suite" duration-ms="738547" started-at="2019-07-20T14:06:09Z" finished-at="2019-07-20T14:18:27Z">
    <groups>
    </groups>
    <test name="Test" duration-ms="738547" started-at="2019-07-20T14:06:09Z" finished-at="2019-07-20T14:18:27Z">
      <class name="homepage.ContactUs">
        <test-method status="PASS" signature="beforeMethod()[pri:0, instance:homepage.ContactUs@11531931]" name="beforeMethod" is-config="true" duration-ms="29301" started-at="2019-07-20T19:36:09Z" finished-at="2019-07-20T19:36:38Z">
          <reporter-output>
          </reporter-output>
        </test-method> <!-- beforeMethod -->
        <test-method status="FAIL" signature="testContactUs()[pri:0, instance:homepage.ContactUs@11531931]" name="testContactUs" duration-ms="399" started-at="2019-07-20T19:36:38Z" finished-at="2019-07-20T19:36:39Z">
          <exception class="org.openqa.selenium.NoSuchWindowException">
            <message>
              <![CDATA[no such window: target window already closed
from unknown error: web view not found
  (Session info: chrome=75.0.3770.142)
  (Driver info: chromedriver=74.0.3729.6 (255758eccf3d244491b8a1317aa76e1ce10d57e9-refs/branch-heads/3729@{#29}),platform=Windows NT 10.0.17134 x86_64) (WARNING: The server did not provide any stacktrace information)
Command duration or timeout: 0 milliseconds
Build info: version: '3.14.0', revision: 'aacccce0', time: '2018-08-02T20:19:58.91Z'
System info: host: 'RSADANI-T5X71', ip: '192.168.43.30', os.name: 'Windows 10', os.arch: 'amd64', os.version: '10.0', java.version: '1.8.0_201'
Driver info: org.openqa.selenium.chrome.ChromeDriver
Capabilities {acceptInsecureCerts: false, acceptSslCerts: false, applicationCacheEnabled: false, browserConnectionEnabled: false, browserName: chrome, chrome: {chromedriverVersion: 74.0.3729.6 (255758eccf3d24..., userDataDir: C:\Users\rsadani\AppData\Lo...}, cssSelectorsEnabled: true, databaseEnabled: false, goog:chromeOptions: {debuggerAddress: localhost:50704}, handlesAlerts: true, hasTouchScreen: false, javascriptEnabled: true, locationContextEnabled: true, mobileEmulationEnabled: false, nativeEvents: true, networkConnectionEnabled: false, pageLoadStrategy: normal, platform: XP, platformName: XP, proxy: Proxy(), rotatable: false, setWindowRect: true, strictFileInteractability: false, takesHeapSnapshot: true, takesScreenshot: true, timeouts: {implicit: 0, pageLoad: 300000, script: 30000}, unexpectedAlertBehaviour: ignore, unhandledPromptBehavior: ignore, version: 75.0.3770.142, webStorageEnabled: true}
Session ID: 1924b84301f2070790e6497b0be033fd
*** Element info: {Using=xpath, value=//li[@class='contact-btn']//a[@class='masterTooltip' and @title='Contact us']}]]>
            </message>
            <full-stacktrace>
              <![CDATA[org.openqa.selenium.NoSuchWindowException: no such window: target window already closed
from unknown error: web view not found
  (Session info: chrome=75.0.3770.142)
  (Driver info: chromedriver=74.0.3729.6 (255758eccf3d244491b8a1317aa76e1ce10d57e9-refs/branch-heads/3729@{#29}),platform=Windows NT 10.0.17134 x86_64) (WARNING: The server did not provide any stacktrace information)
Command duration or timeout: 0 milliseconds
Build info: version: '3.14.0', revision: 'aacccce0', time: '2018-08-02T20:19:58.91Z'
System info: host: 'RSADANI-T5X71', ip: '192.168.43.30', os.name: 'Windows 10', os.arch: 'amd64', os.version: '10.0', java.version: '1.8.0_201'
Driver info: org.openqa.selenium.chrome.ChromeDriver
Capabilities {acceptInsecureCerts: false, acceptSslCerts: false, applicationCacheEnabled: false, browserConnectionEnabled: false, browserName: chrome, chrome: {chromedriverVersion: 74.0.3729.6 (255758eccf3d24..., userDataDir: C:\Users\rsadani\AppData\Lo...}, cssSelectorsEnabled: true, databaseEnabled: false, goog:chromeOptions: {debuggerAddress: localhost:50704}, handlesAlerts: true, hasTouchScreen: false, javascriptEnabled: true, locationContextEnabled: true, mobileEmulationEnabled: false, nativeEvents: true, networkConnectionEnabled: false, pageLoadStrategy: normal, platform: XP, platformName: XP, proxy: Proxy(), rotatable: false, setWindowRect: true, strictFileInteractability: false, takesHeapSnapshot: true, takesScreenshot: true, timeouts: {implicit: 0, pageLoad: 300000, script: 30000}, unexpectedAlertBehaviour: ignore, unhandledPromptBehavior: ignore, version: 75.0.3770.142, webStorageEnabled: true}
Session ID: 1924b84301f2070790e6497b0be033fd
*** Element info: {Using=xpath, value=//li[@class='contact-btn']//a[@class='masterTooltip' and @title='Contact us']}
	at sun.reflect.NativeConstructorAccessorImpl.newInstance0(Native Method)
	at sun.reflect.NativeConstructorAccessorImpl.newInstance(Unknown Source)
	at sun.reflect.DelegatingConstructorAccessorImpl.newInstance(Unknown Source)
	at java.lang.reflect.Constructor.newInstance(Unknown Source)
	at org.openqa.selenium.remote.ErrorHandler.createThrowable(ErrorHandler.java:214)
	at org.openqa.selenium.remote.ErrorHandler.throwIfResponseFailed(ErrorHandler.java:166)
	at org.openqa.selenium.remote.http.JsonHttpResponseCodec.reconstructValue(JsonHttpResponseCodec.java:40)
	at org.openqa.selenium.remote.http.AbstractHttpResponseCodec.decode(AbstractHttpResponseCodec.java:80)
	at org.openqa.selenium.remote.http.AbstractHttpResponseCodec.decode(AbstractHttpResponseCodec.java:44)
	at org.openqa.selenium.remote.HttpCommandExecutor.execute(HttpCommandExecutor.java:158)
	at org.openqa.selenium.remote.service.DriverCommandExecutor.execute(DriverCommandExecutor.java:83)
	at org.openqa.selenium.remote.RemoteWebDriver.execute(RemoteWebDriver.java:548)
	at org.openqa.selenium.remote.RemoteWebDriver.findElement(RemoteWebDriver.java:322)
	at org.openqa.selenium.remote.RemoteWebDriver.findElementByXPath(RemoteWebDriver.java:424)
	at org.openqa.selenium.By$ByXPath.findElement(By.java:353)
	at org.openqa.selenium.remote.RemoteWebDriver.findElement(RemoteWebDriver.java:314)
	at homepage.ContactUs.testContactUs(ContactUs.java:24)
	at sun.reflect.NativeMethodAccessorImpl.invoke0(Native Method)
	at sun.reflect.NativeMethodAccessorImpl.invoke(Unknown Source)
	at sun.reflect.DelegatingMethodAccessorImpl.invoke(Unknown Source)
	at java.lang.reflect.Method.invoke(Unknown Source)
	at org.testng.internal.MethodInvocationHelper.invokeMethod(MethodInvocationHelper.java:86)
	at org.testng.internal.Invoker.invokeMethod(Invoker.java:643)
	at org.testng.internal.Invoker.invokeTestMethod(Invoker.java:820)
	at org.testng.internal.Invoker.invokeTestMethods(Invoker.java:1128)
	at org.testng.internal.TestMethodWorker.invokeTestMethods(TestMethodWorker.java:129)
	at org.testng.internal.TestMethodWorker.run(TestMethodWorker.java:112)
	at org.testng.TestRunner.privateRun(TestRunner.java:782)
	at org.testng.TestRunner.run(TestRunner.java:632)
	at org.testng.SuiteRunner.runTest(SuiteRunner.java:366)
	at org.testng.SuiteRunner.runSequentially(SuiteRunner.java:361)
	at org.testng.SuiteRunner.privateRun(SuiteRunner.java:319)
	at org.testng.SuiteRunner.run(SuiteRunner.java:268)
	at org.testng.SuiteRunnerWorker.runSuite(SuiteRunnerWorker.java:52)
	at org.testng.SuiteRunnerWorker.run(SuiteRunnerWorker.java:86)
	at org.testng.TestNG.runSuitesSequentially(TestNG.java:1244)
	at org.testng.TestNG.runSuitesLocally(TestNG.java:1169)
	at org.testng.TestNG.run(TestNG.java:1064)
	at org.apache.maven.surefire.testng.TestNGExecutor.run(TestNGExecutor.java:293)
	at org.apache.maven.surefire.testng.TestNGXmlTestSuite.execute(TestNGXmlTestSuite.java:84)
	at org.apache.maven.surefire.testng.TestNGProvider.invoke(TestNGProvider.java:91)
	at org.apache.maven.surefire.booter.ForkedBooter.invokeProviderInSameClassLoader(ForkedBooter.java:200)
	at org.apache.maven.surefire.booter.ForkedBooter.runSuitesInProcess(ForkedBooter.java:153)
	at org.apache.maven.surefire.booter.ForkedBooter.main(ForkedBooter.java:103)
]]>
            </full-stacktrace>
          </exception> <!-- org.openqa.selenium.NoSuchWindowException -->
          <reporter-output>
          </reporter-output>
        </test-method> <!-- testContactUs -->
        <test-method status="PASS" signature="tearDown()[pri:0, instance:homepage.ContactUs@11531931]" name="tearDown" is-config="true" duration-ms="1132" started-at="2019-07-20T19:48:25Z" finished-at="2019-07-20T19:48:26Z">
          <reporter-output>
          </reporter-output>
        </test-method> <!-- tearDown -->
        <test-method status="PASS" signature="tearDown()[pri:0, instance:homepage.TestNews@66d33a]" name="tearDown" is-config="true" duration-ms="1730" started-at="2019-07-20T19:48:26Z" finished-at="2019-07-20T19:48:27Z">
          <reporter-output>
          </reporter-output>
        </test-method> <!-- tearDown -->
      </class> <!-- homepage.ContactUs -->
      <class name="homepage.TestNews">
        <test-method status="PASS" signature="beforeMethod()[pri:0, instance:homepage.TestNews@66d33a]" name="beforeMethod" is-config="true" duration-ms="50279" started-at="2019-07-20T19:41:48Z" finished-at="2019-07-20T19:42:38Z">
          <reporter-output>
          </reporter-output>
        </test-method> <!-- beforeMethod -->
        <test-method status="PASS" signature="testNewsDisplay()[pri:0, instance:homepage.TestNews@66d33a]" name="testNewsDisplay" duration-ms="5135" started-at="2019-07-20T19:42:38Z" finished-at="2019-07-20T19:42:43Z">
          <reporter-output>
          </reporter-output>
        </test-method> <!-- testNewsDisplay -->
      </class> <!-- homepage.TestNews -->
      <class name="contactpage.CheckErrorWithoutEnteringDetails">
        <test-method status="PASS" signature="beforeMethod()[pri:0, instance:contactpage.CheckErrorWithoutEnteringDetails@4cdbe50f]" name="beforeMethod" is-config="true" duration-ms="60942" started-at="2019-07-20T19:40:38Z" finished-at="2019-07-20T19:41:39Z">
          <reporter-output>
          </reporter-output>
        </test-method> <!-- beforeMethod -->
        <test-method status="PASS" signature="testErrorWithoutFillingDetails()[pri:0, instance:contactpage.CheckErrorWithoutEnteringDetails@4cdbe50f]" name="testErrorWithoutFillingDetails" duration-ms="5632" started-at="2019-07-20T19:41:39Z" finished-at="2019-07-20T19:41:45Z">
          <reporter-output>
          </reporter-output>
        </test-method> <!-- testErrorWithoutFillingDetails -->
        <test-method status="PASS" signature="tearDown()[pri:0, instance:contactpage.CheckErrorWithoutEnteringDetails@4cdbe50f]" name="tearDown" is-config="true" duration-ms="2945" started-at="2019-07-20T19:41:45Z" finished-at="2019-07-20T19:41:48Z">
          <reporter-output>
          </reporter-output>
        </test-method> <!-- tearDown -->
      </class> <!-- contactpage.CheckErrorWithoutEnteringDetails -->
      <class name="contactpage.PhoneNumberAuthentication">
        <test-method status="PASS" signature="beforeMethod()[pri:0, instance:contactpage.PhoneNumberAuthentication@7cf10a6f]" name="beforeMethod" is-config="true" duration-ms="101170" started-at="2019-07-20T19:42:43Z" finished-at="2019-07-20T19:44:24Z">
          <reporter-output>
          </reporter-output>
        </test-method> <!-- beforeMethod -->
        <test-method status="PASS" signature="checkPhoneNumber7Digits()[pri:0, instance:contactpage.PhoneNumberAuthentication@7cf10a6f]" name="checkPhoneNumber7Digits" duration-ms="6136" started-at="2019-07-20T19:44:24Z" finished-at="2019-07-20T19:44:31Z">
          <reporter-output>
          </reporter-output>
        </test-method> <!-- checkPhoneNumber7Digits -->
        <test-method status="PASS" signature="tearDown()[pri:0, instance:contactpage.PhoneNumberAuthentication@7cf10a6f]" name="tearDown" is-config="true" duration-ms="2072" started-at="2019-07-20T19:44:31Z" finished-at="2019-07-20T19:44:33Z">
          <reporter-output>
          </reporter-output>
        </test-method> <!-- tearDown -->
        <test-method status="PASS" signature="beforeMethod()[pri:0, instance:contactpage.PhoneNumberAuthentication@7cf10a6f]" name="beforeMethod" is-config="true" duration-ms="135214" started-at="2019-07-20T19:44:33Z" finished-at="2019-07-20T19:46:48Z">
          <reporter-output>
          </reporter-output>
        </test-method> <!-- beforeMethod -->
        <test-method status="PASS" signature="checkPhoneNumberLessThan7Digits()[pri:0, instance:contactpage.PhoneNumberAuthentication@7cf10a6f]" name="checkPhoneNumberLessThan7Digits" duration-ms="6075" started-at="2019-07-20T19:46:48Z" finished-at="2019-07-20T19:46:54Z">
          <reporter-output>
          </reporter-output>
        </test-method> <!-- checkPhoneNumberLessThan7Digits -->
        <test-method status="PASS" signature="tearDown()[pri:0, instance:contactpage.PhoneNumberAuthentication@7cf10a6f]" name="tearDown" is-config="true" duration-ms="1682" started-at="2019-07-20T19:46:54Z" finished-at="2019-07-20T19:46:56Z">
          <reporter-output>
          </reporter-output>
        </test-method> <!-- tearDown -->
      </class> <!-- contactpage.PhoneNumberAuthentication -->
      <class name="contactpage.ProductLoanDropdown">
        <test-method status="PASS" signature="beforeMethod()[pri:0, instance:contactpage.ProductLoanDropdown@7e0babb1]" name="beforeMethod" is-config="true" duration-ms="75973" started-at="2019-07-20T19:46:56Z" finished-at="2019-07-20T19:48:12Z">
          <reporter-output>
          </reporter-output>
        </test-method> <!-- beforeMethod -->
        <test-method status="PASS" signature="checkProductLoanDropdown()[pri:0, instance:contactpage.ProductLoanDropdown@7e0babb1]" name="checkProductLoanDropdown" duration-ms="11141" started-at="2019-07-20T19:48:12Z" finished-at="2019-07-20T19:48:23Z">
          <reporter-output>
          </reporter-output>
        </test-method> <!-- checkProductLoanDropdown -->
        <test-method status="PASS" signature="tearDown()[pri:0, instance:contactpage.ProductLoanDropdown@7e0babb1]" name="tearDown" is-config="true" duration-ms="1786" started-at="2019-07-20T19:48:23Z" finished-at="2019-07-20T19:48:25Z">
          <reporter-output>
          </reporter-output>
        </test-method> <!-- tearDown -->
      </class> <!-- contactpage.ProductLoanDropdown -->
      <class name="contactpage.CheckSelectSubProductEmpty">
        <test-method status="PASS" signature="beforeMethod()[pri:0, instance:contactpage.CheckSelectSubProductEmpty@5e025e70]" name="beforeMethod" is-config="true" duration-ms="85645" started-at="2019-07-20T19:36:39Z" finished-at="2019-07-20T19:38:04Z">
          <reporter-output>
          </reporter-output>
        </test-method> <!-- beforeMethod -->
        <test-method status="PASS" signature="checkSelectSubProductEmpty()[pri:0, instance:contactpage.CheckSelectSubProductEmpty@5e025e70]" name="checkSelectSubProductEmpty" duration-ms="6705" started-at="2019-07-20T19:38:04Z" finished-at="2019-07-20T19:38:11Z">
          <reporter-output>
          </reporter-output>
        </test-method> <!-- checkSelectSubProductEmpty -->
        <test-method status="PASS" signature="tearDown()[pri:0, instance:contactpage.CheckSelectSubProductEmpty@5e025e70]" name="tearDown" is-config="true" duration-ms="2430" started-at="2019-07-20T19:38:11Z" finished-at="2019-07-20T19:38:13Z">
          <reporter-output>
          </reporter-output>
        </test-method> <!-- tearDown -->
      </class> <!-- contactpage.CheckSelectSubProductEmpty -->
      <class name="contactpage.CheckIAmLookingForDropdown">
        <test-method status="PASS" signature="beforeMethod()[pri:0, instance:contactpage.CheckIAmLookingForDropdown@45c8e616]" name="beforeMethod" is-config="true" duration-ms="64137" started-at="2019-07-20T19:39:25Z" finished-at="2019-07-20T19:40:29Z">
          <reporter-output>
          </reporter-output>
        </test-method> <!-- beforeMethod -->
        <test-method status="PASS" signature="checkIAmLookingForDropdown()[pri:0, instance:contactpage.CheckIAmLookingForDropdown@45c8e616]" name="checkIAmLookingForDropdown" duration-ms="6695" started-at="2019-07-20T19:40:29Z" finished-at="2019-07-20T19:40:36Z">
          <reporter-output>
          </reporter-output>
        </test-method> <!-- checkIAmLookingForDropdown -->
        <test-method status="PASS" signature="tearDown()[pri:0, instance:contactpage.CheckIAmLookingForDropdown@45c8e616]" name="tearDown" is-config="true" duration-ms="2806" started-at="2019-07-20T19:40:36Z" finished-at="2019-07-20T19:40:38Z">
          <reporter-output>
          </reporter-output>
        </test-method> <!-- tearDown -->
      </class> <!-- contactpage.CheckIAmLookingForDropdown -->
      <class name="homepage.NavigationBar">
        <test-method status="PASS" signature="beforeMethod()[pri:0, instance:homepage.NavigationBar@1fbc7afb]" name="beforeMethod" is-config="true" duration-ms="68919" started-at="2019-07-20T19:38:13Z" finished-at="2019-07-20T19:39:22Z">
          <reporter-output>
          </reporter-output>
        </test-method> <!-- beforeMethod -->
        <test-method status="PASS" signature="navigationBarCheck()[pri:0, instance:homepage.NavigationBar@1fbc7afb]" name="navigationBarCheck" duration-ms="513" started-at="2019-07-20T19:39:22Z" finished-at="2019-07-20T19:39:23Z">
          <reporter-output>
          </reporter-output>
        </test-method> <!-- navigationBarCheck -->
        <test-method status="PASS" signature="tearDown()[pri:0, instance:homepage.NavigationBar@1fbc7afb]" name="tearDown" is-config="true" duration-ms="1840" started-at="2019-07-20T19:39:23Z" finished-at="2019-07-20T19:39:25Z">
          <reporter-output>
          </reporter-output>
        </test-method> <!-- tearDown -->
      </class> <!-- homepage.NavigationBar -->
    </test> <!-- Test -->
  </suite> <!-- Suite -->
</testng-results>
